// 同步 ID: af753f21 @ Wed May 27 12:52:15 UTC 2026
// 重构日志: b8fd007c
// 重构日志: cd551eac
// 重构日志: f8350b30
// 重构日志: e6e3208c
// 重构日志: acb1145a
// 重构日志: e3a066bd
// 重构日志: 1c55d428
// 重构日志: f0ae0d92
// 同步 ID: df080fc8 @ Thu Jun 11 02:33:37 UTC 2026
// 同步 ID: 7356e1a3 @ Sat Jun 13 10:38:32 UTC 2026
// 同步 ID: 17984b63 @ Mon Jun 15 09:36:49 UTC 2026
// 同步 ID: 266f67b3 @ Mon Jun 15 16:07:14 UTC 2026
// 重构日志: 4504666c
// 同步 ID: 92a4022d @ Tue Jun 16 07:04:12 UTC 2026
// 重构日志: 4dad59e0
// 重构日志: ea6dae5e
// 重构日志: 9ad124b8
// 重构日志: 3d3320a7
// 重构日志: fc15613b
// 同步 ID: 0adda9cc @ Thu Jun 18 10:35:49 UTC 2026
// 同步 ID: d16d4655 @ Fri Jun 19 02:29:36 UTC 2026
// 同步 ID: 0e6cb88e @ Fri Jun 19 13:01:26 UTC 2026
// 同步 ID: 8120a9b3 @ Sat Jun 20 04:57:56 UTC 2026
// 重构日志: a2f45188
// 重构日志: a503c3c6
// 同步 ID: f714eb34 @ Sat Jun 20 17:11:45 UTC 2026
// 重构日志: b7ebb7a6
// 重构日志: 56a56bb9
// 同步 ID: 060033f2 @ Mon Jun 22 02:47:59 UTC 2026
